Crashlog created at 2012-11-07 11:25:40 -0600

=== MESSAGE:

RuntimeError: Found 5 content files for content/javascripts/fancybox/jquery; expected 0 or 1

=== COMPILATION STACK:

  (empty)

=== BACKTRACE:

  0. /usr/local/lib/ruby/gems/1.9.1/gems/nanoc-3.4.2/lib/nanoc/data_sources/filesystem.rb:164:in `block in all_split_files_in'
  1. /usr/local/lib/ruby/gems/1.9.1/gems/nanoc-3.4.2/lib/nanoc/data_sources/filesystem.rb:154:in `each_pair'
  2. /usr/local/lib/ruby/gems/1.9.1/gems/nanoc-3.4.2/lib/nanoc/data_sources/filesystem.rb:154:in `all_split_files_in'
  3. /usr/local/lib/ruby/gems/1.9.1/gems/nanoc-3.4.2/lib/nanoc/data_sources/filesystem.rb:78:in `load_objects'
  4. /usr/local/lib/ruby/gems/1.9.1/gems/nanoc-3.4.2/lib/nanoc/data_sources/filesystem.rb:37:in `items'
  5. /usr/local/lib/ruby/gems/1.9.1/gems/nanoc-3.4.2/lib/nanoc/base/source_data/site.rb:314:in `block in load_items'
  6. /usr/local/lib/ruby/gems/1.9.1/gems/nanoc-3.4.2/lib/nanoc/base/source_data/site.rb:313:in `each'
  7. /usr/local/lib/ruby/gems/1.9.1/gems/nanoc-3.4.2/lib/nanoc/base/source_data/site.rb:313:in `load_items'
  8. /usr/local/lib/ruby/gems/1.9.1/gems/nanoc-3.4.2/lib/nanoc/base/source_data/site.rb:247:in `load'
  9. /usr/local/lib/ruby/gems/1.9.1/gems/nanoc-3.4.2/lib/nanoc/base/source_data/site.rb:127:in `layouts'
  10. /usr/local/lib/ruby/gems/1.9.1/gems/nanoc-3.4.2/lib/nanoc/base/compilation/compiler.rb:185:in `dependency_tracker'
  11. /usr/local/lib/ruby/gems/1.9.1/gems/nanoc-3.4.2/lib/nanoc/base/memoization.rb:56:in `block in memoize'
  12. /usr/local/lib/ruby/gems/1.9.1/gems/nanoc-3.4.2/lib/nanoc/base/compilation/compiler.rb:453:in `stores'
  13. /usr/local/lib/ruby/gems/1.9.1/gems/nanoc-3.4.2/lib/nanoc/base/compilation/compiler.rb:144:in `unload'
  14. /usr/local/lib/ruby/gems/1.9.1/gems/nanoc-3.4.2/lib/nanoc/base/source_data/site.rb:278:in `unload'
  15. /usr/local/lib/ruby/gems/1.9.1/gems/nanoc-3.4.2/lib/nanoc/base/source_data/site.rb:258:in `rescue in load'
  16. /usr/local/lib/ruby/gems/1.9.1/gems/nanoc-3.4.2/lib/nanoc/base/source_data/site.rb:262:in `load'
  17. /usr/local/lib/ruby/gems/1.9.1/gems/nanoc-3.4.2/lib/nanoc/base/compilation/compiler.rb:112:in `load'
  18. /usr/local/lib/ruby/gems/1.9.1/gems/nanoc-3.4.2/lib/nanoc/base/compilation/compiler.rb:82:in `run'
  19. /usr/local/lib/ruby/gems/1.9.1/gems/nanoc-3.4.2/lib/nanoc/base/source_data/site.rb:58:in `compile'
  20. /usr/local/lib/ruby/gems/1.9.1/gems/nanoc-3.4.2/lib/nanoc/cli/commands/compile.rb:62:in `run'
  21. /usr/local/lib/ruby/gems/1.9.1/gems/nanoc-3.4.2/lib/nanoc/cli/command_runner.rb:14:in `block in call'
  22. /usr/local/lib/ruby/gems/1.9.1/gems/nanoc-3.4.2/lib/nanoc/cli/error_handler.rb:63:in `handle_while'
  23. /usr/local/lib/ruby/gems/1.9.1/gems/nanoc-3.4.2/lib/nanoc/cli/error_handler.rb:26:in `handle_while'
  24. /usr/local/lib/ruby/gems/1.9.1/gems/nanoc-3.4.2/lib/nanoc/cli/command_runner.rb:13:in `call'
  25. /usr/local/lib/ruby/gems/1.9.1/gems/cri-2.3.0/lib/cri/command_dsl.rb:185:in `block in runner'
  26. /usr/local/lib/ruby/gems/1.9.1/gems/cri-2.3.0/lib/cri/command.rb:296:in `call'
  27. /usr/local/lib/ruby/gems/1.9.1/gems/cri-2.3.0/lib/cri/command.rb:296:in `run_this'
  28. /usr/local/lib/ruby/gems/1.9.1/gems/cri-2.3.0/lib/cri/command.rb:249:in `run'
  29. /usr/local/lib/ruby/gems/1.9.1/gems/cri-2.3.0/lib/cri/command.rb:262:in `run'
  30. /usr/local/lib/ruby/gems/1.9.1/gems/nanoc-3.4.2/lib/nanoc/cli.rb:52:in `block in run'
  31. /usr/local/lib/ruby/gems/1.9.1/gems/nanoc-3.4.2/lib/nanoc/cli/error_handler.rb:63:in `handle_while'
  32. /usr/local/lib/ruby/gems/1.9.1/gems/nanoc-3.4.2/lib/nanoc/cli/error_handler.rb:26:in `handle_while'
  33. /usr/local/lib/ruby/gems/1.9.1/gems/nanoc-3.4.2/lib/nanoc/cli.rb:50:in `run'
  34. /usr/local/lib/ruby/gems/1.9.1/gems/nanoc-3.4.2/bin/nanoc:19:in `<top (required)>'
  35. /usr/local/bin/nanoc:23:in `load'
  36. /usr/local/bin/nanoc:23:in `<main>'

=== VERSION INFORMATION:

nanoc 3.4.2 © 2007-2012 Denis Defreyne.
Running ruby 1.9.3 (2012-04-20) on i386-darwin10.8.0 with RubyGems 1.8.24.

=== SYSTEM INFORMATION:

Darwin Macintosh-5.local 10.8.0 Darwin Kernel Version 10.8.0: Tue Jun  7 16:33:36 PDT 2011; root:xnu-1504.15.3~1/RELEASE_I386 i386

=== INSTALLED GEMS:

  RedCloth 4.2.9
  abstract 1.0.0
  actionmailer 2.3.14, 3.0.9, 3.1.0.rc5, 3.1.0, 3.1.1, 3.1.3, 3.1.4, 3.2.0, 3.2.1, 3.2.2, 3.2.3, 3.2.6, 3.2.8
  actionpack 2.3.14, 3.0.9, 3.1.0.rc5, 3.1.0, 3.1.1, 3.1.3, 3.1.4, 3.2.0.rc2, 3.2.0, 3.2.1, 3.2.2, 3.2.3, 3.2.6, 3.2.8
  active_utils 1.0.1, 1.0.2, 1.0.3, 1.0.5
  activemerchant 1.17.0, 1.18.1, 1.20.1, 1.20.2, 1.20.4, 1.21.0, 1.23.0, 1.24.0, 1.25.0, 1.26.0, 1.28.0
  activemodel 3.0.9, 3.1.0.rc5, 3.1.0, 3.1.1, 3.1.3, 3.1.4, 3.2.0.rc2, 3.2.0, 3.2.1, 3.2.2, 3.2.3, 3.2.6, 3.2.8
  activerecord 2.3.14, 3.0.9, 3.1.0.rc5, 3.1.0, 3.1.1, 3.1.3, 3.1.4, 3.2.0, 3.2.1, 3.2.2, 3.2.3, 3.2.6, 3.2.8
  activeresource 2.3.14, 3.0.9, 3.1.0.rc5, 3.1.0, 3.1.1, 3.1.3, 3.1.4, 3.2.0, 3.2.1, 3.2.2, 3.2.3, 3.2.6, 3.2.8
  activesupport 2.3.14, 3.0.9, 3.1.0.rc5, 3.1.0, 3.1.1, 3.1.3, 3.1.4, 3.2.0.rc2, 3.2.0, 3.2.1, 3.2.2, 3.2.3, 3.2.6, 3.2.8
  acts_as_indexed 0.7.8
  acts_as_list 0.1.4, 0.1.5, 0.1.6, 0.1.8
  acts_as_tree 0.1.1, 1.1.0, 1.2.0
  addressable 2.2.6, 2.2.7, 2.2.8, 2.3.2
  adsf 1.1.1
  akami 1.0.0, 1.2.0
  albino 1.3.3
  ancestry 1.2.5, 1.3.0
  ansi 1.3.0, 1.4.0, 1.4.1, 1.4.2, 1.4.3
  arel 2.0.10, 2.1.4, 2.2.1, 2.2.3, 3.0.0, 3.0.2
  authlogic 3.0.3, 3.1.0, 3.1.3
  awesome_nested_set 2.1.3, 2.1.5
  aws-sdk 1.3.9, 1.4.0, 1.4.1, 1.5.2, 1.5.6, 1.5.7, 1.7.0
  babosa 0.3.7, 0.3.8
  bcrypt-ruby 2.1.4, 3.0.0, 3.0.1
  bigdecimal 1.1.0
  bluecloth 2.1.0, 2.2.0
  braintree 2.12.0, 2.13.0, 2.13.2, 2.13.3, 2.13.4, 2.14.0, 2.15.0, 2.16.0, 2.19.0
  builder 2.1.2, 3.0.0, 3.1.4
  bundle 0.0.1
  bundler 1.0.18, 1.0.21, 1.0.22, 1.1.1, 1.1.3, 1.1.4, 1.2.1
  cancan 1.6.5, 1.6.7, 1.6.8
  capistrano 2.8.0, 2.9.0, 2.11.2, 2.12.0, 2.13.5
  chunky_png 1.2.5, 1.2.6
  ckeditor_rails 3.6.2.2, 3.6.3.1, 3.6.4.1
  classifier 1.3.3
  cocaine 0.1.0, 0.2.0, 0.2.1, 0.3.2, 0.4.2
  coffee-rails 3.1.1, 3.2.1, 3.2.2
  coffee-script 2.2.0
  coffee-script-source 1.1.2, 1.2.0, 1.3.1, 1.3.3, 1.4.0
  colored 1.2
  commonjs 0.2.5, 0.2.6
  compass 0.11.7, 0.12.2
  compass-rails 1.0.3
  cri 2.3.0
  deface 0.7.0, 0.7.1, 0.7.2, 0.8.0, 0.9.1
  delocalize 0.2.6, 0.3.1
  devise 1.2.rc, 1.4.7, 1.4.8, 1.4.9, 1.5.3, 2.0.0, 2.0.4, 2.1.0, 2.1.2
  directory_watcher 1.4.1
  dragonfly 0.9.12
  erubis 2.6.6, 2.7.0
  eventmachine 1.0.0
  exception_notification 2.5.2, 2.6.0, 2.6.1, 3.0.0
  excon 0.13.4, 0.14.2, 0.14.3, 0.16.7
  execjs 1.2.6, 1.2.7, 1.2.8, 1.2.9, 1.2.13, 1.3.0, 1.3.1, 1.4.0
  factory_girl 2.0.3, 2.1.0, 2.1.2, 2.2.0, 2.3.2, 2.5.1, 2.6.0, 2.6.4, 3.0.0, 3.1.0, 3.1.1, 3.2.0, 3.3.0, 3.5.0, 4.1.0
  factory_girl_rails 1.1.0, 1.2.0, 1.3.0, 1.4.0, 1.6.0, 1.7.0, 3.0.0, 3.1.0, 3.2.0, 3.3.0, 3.5.0, 4.1.0
  faker 0.9.5, 1.0.0, 1.0.1, 1.1.2
  faraday 0.8.0, 0.8.1, 0.8.4
  faraday_middleware 0.9.0
  fast-stemmer 1.0.1
  ffaker 1.12.1, 1.13.0, 1.14.0, 1.15.0
  filters_spam 0.3
  friendly_id 4.0.7, 4.0.9
  fssm 0.2.9
  globalize3 0.2.0
  google4r-checkout 1.1.0, 1.1.1, 1.1.2, 1.1.3, 1.1.6
  gyoku 0.4.4, 0.4.6
  haml 3.1.2, 3.1.3, 3.1.4, 3.1.6, 3.1.7
  hashie 1.2.0
  heroku 2.18.1, 2.19.2, 2.20.1, 2.21.3, 2.22.0, 2.24.0, 2.24.1, 2.25.0, 2.26.2, 2.28.7, 2.28.8, 2.28.12, 2.33.0
  heroku-api 0.2.1, 0.2.6, 0.2.8, 0.3.6
  highline 1.5.1, 1.6.2, 1.6.5, 1.6.8, 1.6.9, 1.6.11, 1.6.12, 1.6.13, 1.6.15
  hike 1.2.0, 1.2.1
  http_parser.rb 0.5.3
  httparty 0.8.1, 0.8.2, 0.8.3, 0.9.0
  httpauth 0.1, 0.2.0
  httpi 0.9.6, 0.9.7, 1.1.1
  i18n 0.5.0, 0.6.0, 0.6.1
  io-console 0.3
  jekyll 0.11.2
  journey 1.0.0.rc4, 1.0.1, 1.0.2, 1.0.3, 1.0.4
  jquery-rails 1.0.12, 1.0.13, 1.0.14, 1.0.16, 1.0.19, 2.0.0, 2.0.1, 2.0.2, 2.1.3
  json 1.5.4, 1.6.1, 1.6.4, 1.6.5, 1.6.6, 1.7.0, 1.7.3, 1.7.5
  jwt 0.1.4, 0.1.5
  kaminari 0.12.4, 0.13.0, 0.14.1
  kgio 2.6.0, 2.7.0, 2.7.2, 2.7.3, 2.7.4
  kramdown 0.14.0
  launchy 2.0.5, 2.1.0, 2.1.2
  less 2.1.0, 2.2.1, 2.2.2
  less-rails 2.2.1, 2.2.2, 2.2.3, 2.2.6
  less-rails-bootstrap 2.0.10, 2.0.12, 2.0.13, 2.2.0
  libv8 3.3.10.4, 3.10.8.0, 3.11.8.2, 3.11.8.3
  liquid 2.4.1
  mail 2.2.19, 2.3.0, 2.3.3, 2.4.1, 2.4.4
  maruku 0.6.1
  meta_search 1.1.1, 1.1.3
  mime-types 1.16, 1.17.1, 1.17.2, 1.18, 1.19
  minitest 1.6.0, 2.5.1, 2.6.0, 2.6.1, 2.7.0, 2.10.0, 2.11.1, 2.11.2, 2.11.3, 2.11.4, 2.12.0, 2.12.1, 3.0.1, 3.2.0, 4.2.0
  money 3.7.1, 4.0.1, 4.0.2, 5.0.0
  multi_json 1.0.3, 1.0.4, 1.1.0, 1.2.0, 1.3.1, 1.3.4, 1.3.5, 1.3.6, 1.3.7
  multi_xml 0.4.2, 0.4.4, 0.5.1
  multipart-post 1.1.5
  mysql2 0.3.7, 0.3.11
  nanoc 3.4.2
  nested_set 1.6.8, 1.7.0, 1.7.1
  net-scp 1.0.4
  net-sftp 2.0.5
  net-ssh 2.1.4, 2.2.1, 2.2.2, 2.3.0, 2.5.2, 2.6.1
  net-ssh-gateway 1.1.0
  netrc 0.7.1, 0.7.2, 0.7.5, 0.7.7
  nokogiri 1.5.0, 1.5.2, 1.5.5
  nori 1.1.0, 1.1.2, 1.1.3
  oauth 0.4.5, 0.4.6, 0.4.7
  oauth2 0.6.1, 0.8.0
  omniauth 1.1.0, 1.1.1
  omniauth-oauth2 1.0.2, 1.1.0, 1.1.1
  omniauth-shopify-oauth2 1.0.0
  orm_adapter 0.0.5, 0.0.6, 0.0.7, 0.3.0, 0.4.0
  paper_trail 2.6.3
  paperclip 2.4.0, 2.4.1, 2.4.2, 2.4.5, 2.5.0, 2.5.2, 2.6.0, 2.7.0, 3.0.1, 3.0.2, 3.0.4, 3.1.2, 3.3.1
  pg 0.11.0, 0.12.2, 0.13.2, 0.14.0, 0.14.1
  polyamorous 0.5.0
  polyglot 0.3.2, 0.3.3
  posix-spawn 0.3.6
  rabl 0.6.5, 0.6.9, 0.6.10, 0.6.12, 0.6.14, 0.7.6
  rack 1.1.3, 1.2.3, 1.3.2, 1.3.3, 1.3.4, 1.3.5, 1.3.6, 1.4.0, 1.4.1
  rack-cache 1.0.2, 1.0.3, 1.1, 1.2
  rack-mount 0.6.14, 0.8.1, 0.8.3
  rack-ssl 1.3.2
  rack-test 0.5.7, 0.6.1, 0.6.2
  radiant 1.0.1, 1.1.0
  radiant-archive-extension 1.0.7
  radiant-clipped-extension 1.0.17, 1.1.0, 1.1.1
  radiant-debug-extension 1.0.2
  radiant-exporter-extension 1.0.3, 1.1.0
  radiant-markdown_filter-extension 1.0.2
  radiant-sheets-extension 1.0.11, 1.1.0
  radiant-site_templates-extension 1.0.5, 1.0.6
  radiant-smarty_pants_filter-extension 1.0.2
  radiant-textile_filter-extension 1.0.4
  radius 0.7.3
  rails 2.3.14, 3.0.9, 3.1.0.rc5, 3.1.0, 3.1.1, 3.1.3, 3.1.4, 3.2.0, 3.2.1, 3.2.2, 3.2.3, 3.2.6, 3.2.8
  railties 3.0.9, 3.1.0.rc5, 3.1.0, 3.1.1, 3.1.3, 3.1.4, 3.2.0.rc2, 3.2.0, 3.2.1, 3.2.2, 3.2.3, 3.2.6, 3.2.8
  raindrops 0.7.0, 0.8.0, 0.9.0, 0.10.0
  rake 0.8.7, 0.9.2, 0.9.2.2
  ransack 0.6.0, 0.7.0
  rd_awesome_nested_set 1.4.4
  rd_find_by_param 0.1.1
  rd_resource_controller 1.0.1
  rd_searchlogic 3.0.1
  rd_unobtrusive_date_picker 0.1.0
  rdoc 2.5.8, 3.9.1, 3.9.4, 3.11, 3.12
  refinerycms 2.0.5, 2.0.8
  refinerycms-authentication 2.0.5, 2.0.8
  refinerycms-core 2.0.5, 2.0.8
  refinerycms-dashboard 2.0.5, 2.0.8
  refinerycms-i18n 2.0.0, 2.0.2
  refinerycms-images 2.0.5, 2.0.8
  refinerycms-inquiries 2.0.3
  refinerycms-news 2.0.1
  refinerycms-page-images 2.0.1
  refinerycms-pages 2.0.5, 2.0.8
  refinerycms-resources 2.0.5, 2.0.8
  refinerycms-settings 2.0.1, 2.0.2
  rest-client 1.6.7
  routing-filter 0.3.1
  rtex 2.1.1
  ruby-hmac 0.4.0
  rubygems-update 1.8.15, 1.8.17, 1.8.19, 1.8.21, 1.8.22, 1.8.24
  rubypants 0.2.0
  rubyzip 0.9.4, 0.9.5, 0.9.6.1, 0.9.7, 0.9.8, 0.9.9
  sass 3.1.7, 3.1.8, 3.1.10, 3.1.12, 3.1.14, 3.1.15, 3.1.16, 3.1.19, 3.1.20, 3.2.2
  sass-rails 3.1.2, 3.1.3, 3.1.4, 3.1.5, 3.1.6, 3.2.3, 3.2.4, 3.2.5
  savon 0.9.9, 1.1.0, 1.2.0
  select2-rails 0.0.9
  seo_meta 1.3.0
  shopify_api 2.3.0, 3.0.0, 3.0.1, 3.0.2
  shopify_app 2.1.2, 3.0.0, 3.0.3, 4.1.0
  simple_oauth 0.1.9
  spree 0.40.0, 0.70.1, 0.70.3, 1.0.0, 1.0.3, 1.1.0.rc1, 1.1.0, 1.1.1, 1.1.2, 1.2.0
  spree_api 0.40.0, 0.70.1, 0.70.3, 1.0.0, 1.0.3, 1.1.0.rc1, 1.1.0, 1.1.1, 1.1.2, 1.2.0
  spree_auth 0.40.0, 0.70.1, 0.70.3, 1.0.0, 1.0.3, 1.1.0.rc1, 1.1.0, 1.1.1, 1.1.2, 1.1.3
  spree_cmd 1.0.0, 1.0.3, 1.1.0.rc1, 1.1.0, 1.1.1, 1.1.2, 1.2.0
  spree_core 0.40.0, 0.70.1, 0.70.3, 1.0.0, 1.0.3, 1.1.0.rc1, 1.1.0, 1.1.1, 1.1.2, 1.1.3, 1.2.0
  spree_dash 0.40.0, 0.70.1, 0.70.3, 1.0.0, 1.0.3, 1.1.0.rc1, 1.1.0, 1.1.1, 1.1.2, 1.2.0
  spree_promo 0.40.0, 0.70.1, 0.70.3, 1.0.0, 1.0.3, 1.1.0.rc1, 1.1.0, 1.1.1, 1.1.2, 1.2.0
  spree_sample 0.40.0, 0.70.1, 0.70.3, 1.0.0, 1.0.3, 1.1.0.rc1, 1.1.0, 1.1.1, 1.1.2, 1.2.0
  spree_skrill 1.0.1, 1.0.2
  spree_usa_epay 1.0.1, 1.0.2
  sprockets 2.0.0, 2.0.1, 2.0.2, 2.0.3, 2.1.2, 2.1.3, 2.2.0, 2.3.0, 2.3.1, 2.4.0, 2.4.1, 2.4.3, 2.4.4, 2.4.5, 2.8.1
  sqlite3 1.3.4, 1.3.5, 1.3.6
  squeel 0.8.6, 0.9.3, 0.9.5, 1.0.1, 1.0.6, 1.0.13
  state_machine 1.0.1, 1.0.3, 1.1.1, 1.1.2
  stringex 1.0.3, 1.3.0, 1.3.2, 1.3.3, 1.4.0
  syntax 1.0.0
  term-ansicolor 1.0.7
  therubyracer 0.10.1, 0.10.2
  thor 0.14.6, 0.15.0, 0.15.2, 0.15.4, 0.16.0
  tilt 1.3.2, 1.3.3
  tinder 1.9.1
  treetop 1.4.10, 1.4.12
  truncate_html 0.5.5
  turn 0.8.2, 0.8.3, 0.9.1, 0.9.2, 0.9.3, 0.9.4, 0.9.5, 0.9.6
  twitter-stream 0.1.16
  tzinfo 0.3.29, 0.3.30, 0.3.31, 0.3.32, 0.3.33, 0.3.35
  uglifier 1.0.0, 1.0.3, 1.0.4, 1.2.1, 1.2.3, 1.2.4, 1.2.6, 1.3.0
  unicorn 4.0.1, 4.1.1, 4.2.0, 4.2.1, 4.3.1, 4.4.0
  uuidtools 2.1.2, 2.1.3
  warden 1.0.6, 1.1.0, 1.1.1, 1.2.0, 1.2.1
  wasabi 2.1.0, 2.1.1, 2.5.0, 2.5.1
  will_paginate 2.3.16, 3.0.0, 3.0.1, 3.0.2, 3.0.3
  wirble 0.1.3

=== ENVIRONMENT:

Apple_PubSub_Socket_Render => "/tmp/launch-WH44wD/Render"
COMMAND_MODE => "unix2003"
DISPLAY => "/tmp/launch-53Lm4Y/org.x:0"
HOME => "/Users/JB"
LANG => "en_US.UTF-8"
LOGNAME => "JB"
OLDPWD => "/Users/JB"
PATH => "/usr/local/heroku/bin:/usr/local/bin:/usr/local/sbin:/usr/local/mysql/bin:/usr/bin:/bin:/usr/sbin:/sbin:/usr/local/bin:/usr/local/git/bin:/usr/texbin:/usr/X11/bin"
PWD => "/Users/JB/Desktop/program/ror/preslongview"
SHELL => "/bin/bash"
SHLVL => "1"
SSH_AUTH_SOCK => "/tmp/launch-yRz4oF/Listeners"
TERM => "xterm-color"
TERM_PROGRAM => "Apple_Terminal"
TERM_PROGRAM_VERSION => "273.1"
TMPDIR => "/var/folders/p7/p77bxae6GxGoYRzOhfiKXk+++TI/-Tmp-/"
USER => "JB"
_ => "/usr/local/bin/nanoc"
__CF_USER_TEXT_ENCODING => "0x1F5:0:0"

=== $LOAD_PATH:

  0. /usr/local/lib/ruby/gems/1.9.1/gems/nanoc-3.4.2/lib
  1. /usr/local/lib/ruby/gems/1.9.1/gems/colored-1.2/lib
  2. /usr/local/lib/ruby/gems/1.9.1/gems/cri-2.3.0/lib
  3. /usr/local/lib/ruby/gems/1.9.1/gems/nanoc-3.4.2/lib
  4. /usr/local/lib/ruby/gems/1.9.1/gems/bundler-1.2.1/lib
  5. /usr/local/lib/ruby/site_ruby/1.9.1
  6. /usr/local/lib/ruby/site_ruby/1.9.1/i386-darwin10.8.0
  7. /usr/local/lib/ruby/site_ruby
  8. /usr/local/lib/ruby/vendor_ruby/1.9.1
  9. /usr/local/lib/ruby/vendor_ruby/1.9.1/i386-darwin10.8.0
  10. /usr/local/lib/ruby/vendor_ruby
  11. /usr/local/lib/ruby/1.9.1
  12. /usr/local/lib/ruby/1.9.1/i386-darwin10.8.0
